Arguments: 
  /Users/sbacha/.nvm/versions/node/v12.18.0/bin/node /Users/sbacha/.yarn/bin/yarn.js add @hapi/@hapi

PATH: 
  /Users/sbacha/.nvm/versions/node/v12.18.0/bin:/Users/sbacha/google-cloud-sdk/bin:/Users/sbacha/.yarn/bin:/Users/sbacha/.config/yarn/global/node_modules/.bin:/Users/sbacha/.nvm/versions/node/v10.21.0/bin:/Users/sbacha/local/bin:/Users/sbacha/go/bin:/Users/sbacha/User/sbacha/.solc-select:/Users/sbacha/.whiteblock/bin:/usr/local/bin:/usr/bin:/bin:/usr/sbin:/sbin:/Users/sbacha/go/bin:/Users/sbacha/.rvm/bin:/Users/sbacha/.web3j:/Users/sbacha/.rvm/bin:/Users/sbacha/.rvm/bin/Users/sbacha/.yarn/bin:/Users/sbacha/.config/yarn/global/node_modules/.bin:/Users/sbacha/.nvm/versions/node/v10.21.0/bin:/Users/sbacha/local/bin:/Users/sbacha/.whiteblock/bin:/usr/local/bin:/usr/bin:/bin:/usr/sbin:/sbin:/Users/sbacha/.rvm/bin:/Users/sbacha/.rvm/bin:/Users/sbacha/.web3j:/Users/sbacha/.rvm/bin:/usr/local/Altova/MapForceServer2020/bin/mapforceserver:/Users/sbacha/.rvm/bin:/Users/sbacha/.rvm/bin:/Users/sbacha/vault:/Users/sbacha/vault/Users/sbacha/.yarn/bin:/Users/sbacha/.config/yarn/global/node_modules/.bin:/Users/sbacha/.nvm/versions/node/v10.21.0/bin:/Users/sbacha/local/bin:/Users/sbacha/.whiteblock/bin:/usr/local/bin:/usr/bin:/bin:/usr/sbin:/sbin:/Users/sbacha/.rvm/bin:/Users/sbacha/.rvm/bin:/Users/sbacha/.web3j:/Users/sbacha/.rvm/bin:/usr/local/Altova/MapForceServer2020/bin/mapforceserver:/Users/sbacha/.rvm/bin:/Users/sbacha/.rvm/bin:/Users/sbacha/vault:/usr/local/bin/vault:/usr/local/bin/vault:/Users/sbacha/.ftcli

Yarn version: 
  1.22.4

Node version: 
  12.18.0

Platform: 
  darwin x64

Trace: 
  Error: https://registry.yarnpkg.com/@hapi%2f: Request "https://registry.yarnpkg.com/@hapi%2f" returned a 405
      at Request.params.callback [as _callback] (/Users/sbacha/.yarn/lib/cli.js:66996:18)
      at Request.self.callback (/Users/sbacha/.yarn/lib/cli.js:140748:22)
      at Request.emit (events.js:315:20)
      at Request.<anonymous> (/Users/sbacha/.yarn/lib/cli.js:141720:10)
      at Request.emit (events.js:315:20)
      at IncomingMessage.<anonymous> (/Users/sbacha/.yarn/lib/cli.js:141642:12)
      at Object.onceWrapper (events.js:421:28)
      at IncomingMessage.emit (events.js:327:22)
      at endReadableNT (_stream_readable.js:1221:12)
      at processTicksAndRejections (internal/process/task_queues.js:84:21)

npm manifest: 
  {
    "name": "@fr8/core",
    "version": "1.0.0",
    "description": "ctl-core",
    "main": "index.js",
    "repository": "https://github.com/freight-trust/ctrlcore",
    "author": "SEE LICENSE",
    "license": "Apache-2.0",
    "private": true,
    "dependencies": {
      "@hapi/b64": "^5.0.0",
      "@hapi/bell": "^12.1.0",
      "@hapi/bossy": "^5.0.1",
      "@hapi/eslint-config-hapi": "^13.0.2",
      "@hapi/shot": "^5.0.1"
    }
  }

yarn manifest: 
  No manifest

Lockfile: 
  # THIS IS AN AUTOGENERATED FILE. DO NOT EDIT THIS FILE DIRECTLY.
  # yarn lockfile v1
  
  
  "@hapi/address@^4.0.1":
    version "4.1.0"
    resolved "https://registry.yarnpkg.com/@hapi/address/-/address-4.1.0.tgz#d60c5c0d930e77456fdcde2598e77302e2955e1d"
    integrity sha512-SkszZf13HVgGmChdHo/PxchnSaCJ6cetVqLzyciudzZRT0jcOouIF/Q93mgjw8cce+D+4F4C1Z/WrfFN+O3VHQ==
    dependencies:
      "@hapi/hoek" "^9.0.0"
  
  "@hapi/b64@^5.0.0":
    version "5.0.0"
    resolved "https://registry.yarnpkg.com/@hapi/b64/-/b64-5.0.0.tgz#b8210cbd72f4774985e78569b77e97498d24277d"
    integrity sha512-ngu0tSEmrezoiIaNGG6rRvKOUkUuDdf4XTPnONHGYfSGRmDqPZX5oJL6HAdKTo1UQHECbdB4OzhWrfgVppjHUw==
    dependencies:
      "@hapi/hoek" "9.x.x"
  
  "@hapi/bell@^12.1.0":
    version "12.1.0"
    resolved "https://registry.yarnpkg.com/@hapi/bell/-/bell-12.1.0.tgz#d9b3df2ae31e879c8b628eda9a8be9e8c2b20062"
    integrity sha512-fNyCE2lyTRLrNPemDllYIMY/GctWFAx6RVLxz1xaVWmeRja+Bc6AjgEIU8zVpdzc+/fP74XVLC11hJl+gzmxbQ==
    dependencies:
      "@hapi/boom" "9.x.x"
      "@hapi/bounce" "2.x.x"
      "@hapi/cryptiles" "^5.1.0"
      "@hapi/hoek" "9.x.x"
      "@hapi/joi" "17.x.x"
      "@hapi/wreck" "17.x.x"
  
  "@hapi/boom@9.x.x":
    version "9.1.0"
    resolved "https://registry.yarnpkg.com/@hapi/boom/-/boom-9.1.0.tgz#0d9517657a56ff1e0b42d0aca9da1b37706fec56"
    integrity sha512-4nZmpp4tXbm162LaZT45P7F7sgiem8dwAh2vHWT6XX24dozNjGMg6BvKCRvtCUcmcXqeMIUqWN8Rc5X8yKuROQ==
    dependencies:
      "@hapi/hoek" "9.x.x"
  
  "@hapi/bossy@^5.0.1":
    version "5.0.1"
    resolved "https://registry.yarnpkg.com/@hapi/bossy/-/bossy-5.0.1.tgz#d31153b6148d032aaeec33e74605c6ea42f361d9"
    integrity sha512-/HP5KSQ7EGLcnIdmwYj47mKh6f1htos2Dd8QlQjy59k61lENzKgvFbaPa+REQQGGgVQK7QREO55w/Wjkw2dzrQ==
    dependencies:
      "@hapi/boom" "9.x.x"
      "@hapi/hoek" "9.x.x"
      "@hapi/validate" "1.x.x"
  
  "@hapi/bounce@2.x.x":
    version "2.0.0"
    resolved "https://registry.yarnpkg.com/@hapi/bounce/-/bounce-2.0.0.tgz#e6ef56991c366b1e2738b2cd83b01354d938cf3d"
    integrity sha512-JesW92uyzOOyuzJKjoLHM1ThiOvHPOLDHw01YV8yh5nCso7sDwJho1h0Ad2N+E62bZyz46TG3xhAi/78Gsct6A==
    dependencies:
      "@hapi/boom" "9.x.x"
      "@hapi/hoek" "9.x.x"
  
  "@hapi/bourne@2.x.x":
    version "2.0.0"
    resolved "https://registry.yarnpkg.com/@hapi/bourne/-/bourne-2.0.0.tgz#5bb2193eb685c0007540ca61d166d4e1edaf918d"
    integrity sha512-WEezM1FWztfbzqIUbsDzFRVMxSoLy3HugVcux6KDDtTqzPsLE8NDRHfXvev66aH1i2oOKKar3/XDjbvh/OUBdg==
  
  "@hapi/cryptiles@^5.1.0":
    version "5.1.0"
    resolved "https://registry.yarnpkg.com/@hapi/cryptiles/-/cryptiles-5.1.0.tgz#655de4cbbc052c947f696148c83b187fc2be8f43"
    integrity sha512-fo9+d1Ba5/FIoMySfMqPBR/7Pa29J2RsiPrl7bkwo5W5o+AN1dAYQRi4SPrPwwVxVGKjgLOEWrsvt1BonJSfLA==
    dependencies:
      "@hapi/boom" "9.x.x"
  
  "@hapi/eslint-config-hapi@^13.0.2":
    version "13.0.2"
    resolved "https://registry.yarnpkg.com/@hapi/eslint-config-hapi/-/eslint-config-hapi-13.0.2.tgz#d8d74056a57b68e6c9eca19c72bce6560dc5e8f1"
    integrity sha512-LtTYBSWdBmv9JfMWAtXfJ4nm8TURPdqWY2ER9cfQxqPEF1jrfv5T4GmPE/GmFy4WJs+s13j8DKsWifOAxgGLRw==
  
  "@hapi/formula@^2.0.0":
    version "2.0.0"
    resolved "https://registry.yarnpkg.com/@hapi/formula/-/formula-2.0.0.tgz#edade0619ed58c8e4f164f233cda70211e787128"
    integrity sha512-V87P8fv7PI0LH7LiVi8Lkf3x+KCO7pQozXRssAHNXXL9L1K+uyu4XypLXwxqVDKgyQai6qj3/KteNlrqDx4W5A==
  
  "@hapi/hoek@9.x.x", "@hapi/hoek@^9.0.0":
    version "9.0.4"
    resolved "https://registry.yarnpkg.com/@hapi/hoek/-/hoek-9.0.4.tgz#e80ad4e8e8d2adc6c77d985f698447e8628b6010"
    integrity sha512-EwaJS7RjoXUZ2cXXKZZxZqieGtc7RbvQhUy8FwDoMQtxWVi14tFjeFCYPZAM1mBCpOpiBpyaZbb9NeHc7eGKgw==
  
  "@hapi/joi@17.x.x":
    version "17.1.1"
    resolved "https://registry.yarnpkg.com/@hapi/joi/-/joi-17.1.1.tgz#9cc8d7e2c2213d1e46708c6260184b447c661350"
    integrity sha512-p4DKeZAoeZW4g3u7ZeRo+vCDuSDgSvtsB/NpfjXEHTUjSeINAi/RrVOWiVQ1isaoLzMvFEhe8n5065mQq1AdQg==
    dependencies:
      "@hapi/address" "^4.0.1"
      "@hapi/formula" "^2.0.0"
      "@hapi/hoek" "^9.0.0"
      "@hapi/pinpoint" "^2.0.0"
      "@hapi/topo" "^5.0.0"
  
  "@hapi/pinpoint@^2.0.0":
    version "2.0.0"
    resolved "https://registry.yarnpkg.com/@hapi/pinpoint/-/pinpoint-2.0.0.tgz#805b40d4dbec04fc116a73089494e00f073de8df"
    integrity sha512-vzXR5MY7n4XeIvLpfl3HtE3coZYO4raKXW766R6DZw/6aLqR26iuZ109K7a0NtF2Db0jxqh7xz2AxkUwpUFybw==
  
  "@hapi/shot@^5.0.1":
    version "5.0.1"
    resolved "https://registry.yarnpkg.com/@hapi/shot/-/shot-5.0.1.tgz#4597221952be791089e11365ab2f82f6775f4255"
    integrity sha512-AnhIhB0UCBi8JpJ+BEkNs29FQGpp9yrFWDzPO/J9maS11VyDRh5cd1c6di6dX8IpYs/rUYr6uchXZ94OCo1ZDA==
    dependencies:
      "@hapi/hoek" "9.x.x"
      "@hapi/validate" "1.x.x"
  
  "@hapi/topo@^5.0.0":
    version "5.0.0"
    resolved "https://registry.yarnpkg.com/@hapi/topo/-/topo-5.0.0.tgz#c19af8577fa393a06e9c77b60995af959be721e7"
    integrity sha512-tFJlT47db0kMqVm3H4nQYgn6Pwg10GTZHb1pwmSiv1K4ks6drQOtfEF5ZnPjkvC+y4/bUPHK+bc87QvLcL+WMw==
    dependencies:
      "@hapi/hoek" "^9.0.0"
  
  "@hapi/validate@1.x.x":
    version "1.1.2"
    resolved "https://registry.yarnpkg.com/@hapi/validate/-/validate-1.1.2.tgz#e6f6278b5ed2f8dfea99bfe4b5aedb63264e1f52"
    integrity sha512-ojg3iE/haKh8aCZFObkOzuJ1vQ8NP+EiuibliJKe01IMstBPXQc4Xl08+8zqAL+iZSZKp1TaWdwaNSzq8HIMKA==
    dependencies:
      "@hapi/hoek" "^9.0.0"
      "@hapi/topo" "^5.0.0"
  
  "@hapi/wreck@17.x.x":
    version "17.0.0"
    resolved "https://registry.yarnpkg.com/@hapi/wreck/-/wreck-17.0.0.tgz#8ab0ca286e937c3f7a82f67e4be4348c824b743c"
    integrity sha512-d8lqCinbKyDByn7GzJDRDbitddhIEydNm44UcAMejfhEH3o4IYvKYq6K8cAqXbilXPuvZc0ErlUOg9SDdgRtMw==
    dependencies:
      "@hapi/boom" "9.x.x"
      "@hapi/bourne" "2.x.x"
      "@hapi/hoek" "9.x.x"
